[30-Aug-2023 23:36:08 UTC] PHP Warning:  Undefined variable $result in /home/u955030981/domains/douglasaoliveira.com.br/public_html/tray/wp-content/plugins/api-produtos-tray/includes/functions.php on line 47
[30-Aug-2023 23:36:08 UTC] PHP Warning:  Undefined variable $result in /home/u955030981/domains/douglasaoliveira.com.br/public_html/tray/wp-content/plugins/api-produtos-tray/includes/functions.php on line 50
[30-Aug-2023 23:36:08 UTC] Atualizado com sucesso. Linhas afetadas: 
[30-Aug-2023 23:37:53 UTC] PHP Warning:  Undefined variable $result in /home/u955030981/domains/douglasaoliveira.com.br/public_html/tray/wp-content/plugins/api-produtos-tray/includes/functions.php on line 47
[30-Aug-2023 23:37:53 UTC] PHP Warning:  Undefined variable $result in /home/u955030981/domains/douglasaoliveira.com.br/public_html/tray/wp-content/plugins/api-produtos-tray/includes/functions.php on line 50
[30-Aug-2023 23:37:53 UTC] Atualizado com sucesso. Linhas afetadas: 
[30-Aug-2023 23:37:53 UTC] PHP Warning:  Undefined variable $result in /home/u955030981/domains/douglasaoliveira.com.br/public_html/tray/wp-content/plugins/api-produtos-tray/includes/functions.php on line 47
[30-Aug-2023 23:37:53 UTC] PHP Warning:  Undefined variable $result in /home/u955030981/domains/douglasaoliveira.com.br/public_html/tray/wp-content/plugins/api-produtos-tray/includes/functions.php on line 50
[30-Aug-2023 23:37:53 UTC] Atualizado com sucesso. Linhas afetadas: 
[30-Aug-2023 23:37:53 UTC] PHP Warning:  Undefined variable $result in /home/u955030981/domains/douglasaoliveira.com.br/public_html/tray/wp-content/plugins/api-produtos-tray/includes/functions.php on line 47
[30-Aug-2023 23:37:53 UTC] PHP Warning:  Undefined variable $result in /home/u955030981/domains/douglasaoliveira.com.br/public_html/tray/wp-content/plugins/api-produtos-tray/includes/functions.php on line 50
[30-Aug-2023 23:37:53 UTC] Atualizado com sucesso. Linhas afetadas: 
[30-Aug-2023 23:37:54 UTC] PHP Warning:  Undefined variable $result in /home/u955030981/domains/douglasaoliveira.com.br/public_html/tray/wp-content/plugins/api-produtos-tray/includes/functions.php on line 47
[30-Aug-2023 23:37:54 UTC] PHP Warning:  Undefined variable $result in /home/u955030981/domains/douglasaoliveira.com.br/public_html/tray/wp-content/plugins/api-produtos-tray/includes/functions.php on line 50
[30-Aug-2023 23:37:54 UTC] Atualizado com sucesso. Linhas afetadas: 
[30-Aug-2023 23:37:54 UTC] PHP Warning:  Undefined variable $result in /home/u955030981/domains/douglasaoliveira.com.br/public_html/tray/wp-content/plugins/api-produtos-tray/includes/functions.php on line 47
[30-Aug-2023 23:37:54 UTC] PHP Warning:  Undefined variable $result in /home/u955030981/domains/douglasaoliveira.com.br/public_html/tray/wp-content/plugins/api-produtos-tray/includes/functions.php on line 50
[30-Aug-2023 23:37:54 UTC] Atualizado com sucesso. Linhas afetadas: 
[30-Aug-2023 23:37:54 UTC] PHP Warning:  Undefined variable $result in /home/u955030981/domains/douglasaoliveira.com.br/public_html/tray/wp-content/plugins/api-produtos-tray/includes/functions.php on line 47
[30-Aug-2023 23:37:54 UTC] PHP Warning:  Undefined variable $result in /home/u955030981/domains/douglasaoliveira.com.br/public_html/tray/wp-content/plugins/api-produtos-tray/includes/functions.php on line 50
[30-Aug-2023 23:37:54 UTC] Atualizado com sucesso. Linhas afetadas: 
[30-Aug-2023 23:37:54 UTC] PHP Warning:  Undefined variable $result in /home/u955030981/domains/douglasaoliveira.com.br/public_html/tray/wp-content/plugins/api-produtos-tray/includes/functions.php on line 47
[30-Aug-2023 23:37:54 UTC] PHP Warning:  Undefined variable $result in /home/u955030981/domains/douglasaoliveira.com.br/public_html/tray/wp-content/plugins/api-produtos-tray/includes/functions.php on line 50
[30-Aug-2023 23:37:54 UTC] Atualizado com sucesso. Linhas afetadas: 
[30-Aug-2023 23:37:55 UTC] PHP Warning:  Undefined variable $result in /home/u955030981/domains/douglasaoliveira.com.br/public_html/tray/wp-content/plugins/api-produtos-tray/includes/functions.php on line 47
[30-Aug-2023 23:37:55 UTC] PHP Warning:  Undefined variable $result in /home/u955030981/domains/douglasaoliveira.com.br/public_html/tray/wp-content/plugins/api-produtos-tray/includes/functions.php on line 50
[30-Aug-2023 23:37:55 UTC] Atualizado com sucesso. Linhas afetadas: 
[30-Aug-2023 23:37:55 UTC] PHP Warning:  Undefined variable $result in /home/u955030981/domains/douglasaoliveira.com.br/public_html/tray/wp-content/plugins/api-produtos-tray/includes/functions.php on line 47
[30-Aug-2023 23:37:55 UTC] PHP Warning:  Undefined variable $result in /home/u955030981/domains/douglasaoliveira.com.br/public_html/tray/wp-content/plugins/api-produtos-tray/includes/functions.php on line 50
[30-Aug-2023 23:37:55 UTC] Atualizado com sucesso. Linhas afetadas: 
[30-Aug-2023 23:37:55 UTC] PHP Warning:  Undefined variable $result in /home/u955030981/domains/douglasaoliveira.com.br/public_html/tray/wp-content/plugins/api-produtos-tray/includes/functions.php on line 47
[30-Aug-2023 23:37:55 UTC] PHP Warning:  Undefined variable $result in /home/u955030981/domains/douglasaoliveira.com.br/public_html/tray/wp-content/plugins/api-produtos-tray/includes/functions.php on line 50
[30-Aug-2023 23:37:55 UTC] Atualizado com sucesso. Linhas afetadas: 
[30-Aug-2023 23:37:55 UTC] PHP Warning:  Undefined variable $result in /home/u955030981/domains/douglasaoliveira.com.br/public_html/tray/wp-content/plugins/api-produtos-tray/includes/functions.php on line 47
[30-Aug-2023 23:37:55 UTC] PHP Warning:  Undefined variable $result in /home/u955030981/domains/douglasaoliveira.com.br/public_html/tray/wp-content/plugins/api-produtos-tray/includes/functions.php on line 50
[30-Aug-2023 23:37:55 UTC] Atualizado com sucesso. Linhas afetadas: 
[30-Aug-2023 23:37:55 UTC] PHP Warning:  Undefined variable $result in /home/u955030981/domains/douglasaoliveira.com.br/public_html/tray/wp-content/plugins/api-produtos-tray/includes/functions.php on line 47
[30-Aug-2023 23:37:55 UTC] PHP Warning:  Undefined variable $result in /home/u955030981/domains/douglasaoliveira.com.br/public_html/tray/wp-content/plugins/api-produtos-tray/includes/functions.php on line 50
[30-Aug-2023 23:37:55 UTC] Atualizado com sucesso. Linhas afetadas: 
[30-Aug-2023 23:40:28 UTC] WordPress database error  for query UPDATE `wp_product_visits` SET `visits` = 1 WHERE `product_id` = 19 made by do_action('wp_ajax_increment_product_visits'), WP_Hook->do_action, WP_Hook->apply_filters, increment_product_visits_ajax_handler, increment_product_visits
[30-Aug-2023 23:40:28 UTC] Falha ao atualizar: 
[30-Aug-2023 23:40:35 UTC] WordPress database error  for query UPDATE `wp_product_visits` SET `visits` = 1 WHERE `product_id` = 2 made by do_action('wp_ajax_increment_product_visits'), WP_Hook->do_action, WP_Hook->apply_filters, increment_product_visits_ajax_handler, increment_product_visits
[30-Aug-2023 23:40:35 UTC] Falha ao atualizar: 
[30-Aug-2023 23:40:36 UTC] WordPress database error  for query UPDATE `wp_product_visits` SET `visits` = 1 WHERE `product_id` = 2 made by do_action('wp_ajax_increment_product_visits'), WP_Hook->do_action, WP_Hook->apply_filters, increment_product_visits_ajax_handler, increment_product_visits
[30-Aug-2023 23:40:36 UTC] Falha ao atualizar: 
[30-Aug-2023 23:43:33 UTC] PHP Warning:  Undefined variable $result in /home/u955030981/domains/douglasaoliveira.com.br/public_html/tray/wp-content/plugins/api-produtos-tray/includes/functions.php on line 47
[30-Aug-2023 23:43:33 UTC] PHP Warning:  Undefined variable $result in /home/u955030981/domains/douglasaoliveira.com.br/public_html/tray/wp-content/plugins/api-produtos-tray/includes/functions.php on line 50
[30-Aug-2023 23:43:33 UTC] Atualizado com sucesso. Linhas afetadas: 
[30-Aug-2023 23:44:13 UTC] PHP Warning:  Undefined variable $result in /home/u955030981/domains/douglasaoliveira.com.br/public_html/tray/wp-content/plugins/api-produtos-tray/includes/functions.php on line 47
[30-Aug-2023 23:44:13 UTC] PHP Warning:  Undefined variable $result in /home/u955030981/domains/douglasaoliveira.com.br/public_html/tray/wp-content/plugins/api-produtos-tray/includes/functions.php on line 50
[30-Aug-2023 23:44:13 UTC] Atualizado com sucesso. Linhas afetadas: 
[30-Aug-2023 23:46:02 UTC] WordPress database error Table 'u955030981_testetray.wp_product_visits' doesn't exist for query SELECT visits FROM wp_product_visits WHERE product_id = 19 made by do_action('wp_ajax_increment_product_visits'), WP_Hook->do_action, WP_Hook->apply_filters, increment_product_visits_ajax_handler, increment_product_visits, get_product_visits
[30-Aug-2023 23:46:02 UTC] WordPress database error Table 'u955030981_testetray.wp_product_visits' doesn't exist for query UPDATE `wp_product_visits` SET `visits` = 1 WHERE `product_id` = 19 made by do_action('wp_ajax_increment_product_visits'), WP_Hook->do_action, WP_Hook->apply_filters, increment_product_visits_ajax_handler, increment_product_visits
[30-Aug-2023 23:46:02 UTC] PHP Warning:  Undefined variable $result in /home/u955030981/domains/douglasaoliveira.com.br/public_html/tray/wp-content/plugins/api-produtos-tray/includes/functions.php on line 47
[30-Aug-2023 23:46:02 UTC] PHP Warning:  Undefined variable $result in /home/u955030981/domains/douglasaoliveira.com.br/public_html/tray/wp-content/plugins/api-produtos-tray/includes/functions.php on line 50
[30-Aug-2023 23:46:02 UTC] Atualizado com sucesso. Linhas afetadas: 
[30-Aug-2023 23:47:44 UTC] WordPress database error Table 'u955030981_testetray.wp_product_visits' doesn't exist for query SELECT visits FROM wp_product_visits WHERE product_id = 2 made by do_action('wp_ajax_increment_product_visits'), WP_Hook->do_action, WP_Hook->apply_filters, increment_product_visits_ajax_handler, increment_product_visits, get_product_visits
[30-Aug-2023 23:47:44 UTC] WordPress database error Table 'u955030981_testetray.wp_product_visits' doesn't exist for query UPDATE `wp_product_visits` SET `visits` = 1 WHERE `product_id` = 2 made by do_action('wp_ajax_increment_product_visits'), WP_Hook->do_action, WP_Hook->apply_filters, increment_product_visits_ajax_handler, increment_product_visits
[30-Aug-2023 23:47:44 UTC] PHP Warning:  Undefined variable $result in /home/u955030981/domains/douglasaoliveira.com.br/public_html/tray/wp-content/plugins/api-produtos-tray/includes/functions.php on line 47
[30-Aug-2023 23:47:44 UTC] PHP Warning:  Undefined variable $result in /home/u955030981/domains/douglasaoliveira.com.br/public_html/tray/wp-content/plugins/api-produtos-tray/includes/functions.php on line 50
[30-Aug-2023 23:47:44 UTC] Atualizado com sucesso. Linhas afetadas: 
[30-Aug-2023 23:48:00 UTC] WordPress database error Table 'u955030981_testetray.wp_product_visits' doesn't exist for query SELECT visits FROM wp_product_visits WHERE product_id = 1 made by do_action('toplevel_page_api_produtos_tray'), WP_Hook->do_action, WP_Hook->apply_filters, api_produtos_tray_settings_page, get_product_visits
[30-Aug-2023 23:48:00 UTC] WordPress database error Table 'u955030981_testetray.wp_product_visits' doesn't exist for query SELECT visits FROM wp_product_visits WHERE product_id = 10 made by do_action('toplevel_page_api_produtos_tray'), WP_Hook->do_action, WP_Hook->apply_filters, api_produtos_tray_settings_page, get_product_visits
[30-Aug-2023 23:48:00 UTC] WordPress database error Table 'u955030981_testetray.wp_product_visits' doesn't exist for query SELECT visits FROM wp_product_visits WHERE product_id = 11 made by do_action('toplevel_page_api_produtos_tray'), WP_Hook->do_action, WP_Hook->apply_filters, api_produtos_tray_settings_page, get_product_visits
[30-Aug-2023 23:48:00 UTC] WordPress database error Table 'u955030981_testetray.wp_product_visits' doesn't exist for query SELECT visits FROM wp_product_visits WHERE product_id = 12 made by do_action('toplevel_page_api_produtos_tray'), WP_Hook->do_action, WP_Hook->apply_filters, api_produtos_tray_settings_page, get_product_visits
[30-Aug-2023 23:48:00 UTC] WordPress database error Table 'u955030981_testetray.wp_product_visits' doesn't exist for query SELECT visits FROM wp_product_visits WHERE product_id = 13 made by do_action('toplevel_page_api_produtos_tray'), WP_Hook->do_action, WP_Hook->apply_filters, api_produtos_tray_settings_page, get_product_visits
[30-Aug-2023 23:48:00 UTC] WordPress database error Table 'u955030981_testetray.wp_product_visits' doesn't exist for query SELECT visits FROM wp_product_visits WHERE product_id = 14 made by do_action('toplevel_page_api_produtos_tray'), WP_Hook->do_action, WP_Hook->apply_filters, api_produtos_tray_settings_page, get_product_visits
[30-Aug-2023 23:48:00 UTC] WordPress database error Table 'u955030981_testetray.wp_product_visits' doesn't exist for query SELECT visits FROM wp_product_visits WHERE product_id = 15 made by do_action('toplevel_page_api_produtos_tray'), WP_Hook->do_action, WP_Hook->apply_filters, api_produtos_tray_settings_page, get_product_visits
[30-Aug-2023 23:48:00 UTC] WordPress database error Table 'u955030981_testetray.wp_product_visits' doesn't exist for query SELECT visits FROM wp_product_visits WHERE product_id = 16 made by do_action('toplevel_page_api_produtos_tray'), WP_Hook->do_action, WP_Hook->apply_filters, api_produtos_tray_settings_page, get_product_visits
[30-Aug-2023 23:48:00 UTC] WordPress database error Table 'u955030981_testetray.wp_product_visits' doesn't exist for query SELECT visits FROM wp_product_visits WHERE product_id = 17 made by do_action('toplevel_page_api_produtos_tray'), WP_Hook->do_action, WP_Hook->apply_filters, api_produtos_tray_settings_page, get_product_visits
[30-Aug-2023 23:48:00 UTC] WordPress database error Table 'u955030981_testetray.wp_product_visits' doesn't exist for query SELECT visits FROM wp_product_visits WHERE product_id = 18 made by do_action('toplevel_page_api_produtos_tray'), WP_Hook->do_action, WP_Hook->apply_filters, api_produtos_tray_settings_page, get_product_visits
[30-Aug-2023 23:48:00 UTC] WordPress database error Table 'u955030981_testetray.wp_product_visits' doesn't exist for query SELECT visits FROM wp_product_visits WHERE product_id = 19 made by do_action('toplevel_page_api_produtos_tray'), WP_Hook->do_action, WP_Hook->apply_filters, api_produtos_tray_settings_page, get_product_visits
[30-Aug-2023 23:48:00 UTC] WordPress database error Table 'u955030981_testetray.wp_product_visits' doesn't exist for query SELECT visits FROM wp_product_visits WHERE product_id = 2 made by do_action('toplevel_page_api_produtos_tray'), WP_Hook->do_action, WP_Hook->apply_filters, api_produtos_tray_settings_page, get_product_visits
[30-Aug-2023 23:48:00 UTC] WordPress database error Table 'u955030981_testetray.wp_product_visits' doesn't exist for query SELECT visits FROM wp_product_visits WHERE product_id = 20 made by do_action('toplevel_page_api_produtos_tray'), WP_Hook->do_action, WP_Hook->apply_filters, api_produtos_tray_settings_page, get_product_visits
[30-Aug-2023 23:48:00 UTC] WordPress database error Table 'u955030981_testetray.wp_product_visits' doesn't exist for query SELECT visits FROM wp_product_visits WHERE product_id = 21 made by do_action('toplevel_page_api_produtos_tray'), WP_Hook->do_action, WP_Hook->apply_filters, api_produtos_tray_settings_page, get_product_visits
[30-Aug-2023 23:48:00 UTC] WordPress database error Table 'u955030981_testetray.wp_product_visits' doesn't exist for query SELECT visits FROM wp_product_visits WHERE product_id = 22 made by do_action('toplevel_page_api_produtos_tray'), WP_Hook->do_action, WP_Hook->apply_filters, api_produtos_tray_settings_page, get_product_visits
[30-Aug-2023 23:48:00 UTC] WordPress database error Table 'u955030981_testetray.wp_product_visits' doesn't exist for query SELECT visits FROM wp_product_visits WHERE product_id = 23 made by do_action('toplevel_page_api_produtos_tray'), WP_Hook->do_action, WP_Hook->apply_filters, api_produtos_tray_settings_page, get_product_visits
[30-Aug-2023 23:48:00 UTC] WordPress database error Table 'u955030981_testetray.wp_product_visits' doesn't exist for query SELECT visits FROM wp_product_visits WHERE product_id = 24 made by do_action('toplevel_page_api_produtos_tray'), WP_Hook->do_action, WP_Hook->apply_filters, api_produtos_tray_settings_page, get_product_visits
[30-Aug-2023 23:48:00 UTC] WordPress database error Table 'u955030981_testetray.wp_product_visits' doesn't exist for query SELECT visits FROM wp_product_visits WHERE product_id = 25 made by do_action('toplevel_page_api_produtos_tray'), WP_Hook->do_action, WP_Hook->apply_filters, api_produtos_tray_settings_page, get_product_visits
[30-Aug-2023 23:48:00 UTC] WordPress database error Table 'u955030981_testetray.wp_product_visits' doesn't exist for query SELECT visits FROM wp_product_visits WHERE product_id = 26 made by do_action('toplevel_page_api_produtos_tray'), WP_Hook->do_action, WP_Hook->apply_filters, api_produtos_tray_settings_page, get_product_visits
[30-Aug-2023 23:48:00 UTC] WordPress database error Table 'u955030981_testetray.wp_product_visits' doesn't exist for query SELECT visits FROM wp_product_visits WHERE product_id = 27 made by do_action('toplevel_page_api_produtos_tray'), WP_Hook->do_action, WP_Hook->apply_filters, api_produtos_tray_settings_page, get_product_visits
[30-Aug-2023 23:48:00 UTC] WordPress database error Table 'u955030981_testetray.wp_product_visits' doesn't exist for query SELECT visits FROM wp_product_visits WHERE product_id = 28 made by do_action('toplevel_page_api_produtos_tray'), WP_Hook->do_action, WP_Hook->apply_filters, api_produtos_tray_settings_page, get_product_visits
[30-Aug-2023 23:48:00 UTC] WordPress database error Table 'u955030981_testetray.wp_product_visits' doesn't exist for query SELECT visits FROM wp_product_visits WHERE product_id = 29 made by do_action('toplevel_page_api_produtos_tray'), WP_Hook->do_action, WP_Hook->apply_filters, api_produtos_tray_settings_page, get_product_visits
[30-Aug-2023 23:48:00 UTC] WordPress database error Table 'u955030981_testetray.wp_product_visits' doesn't exist for query SELECT visits FROM wp_product_visits WHERE product_id = 3 made by do_action('toplevel_page_api_produtos_tray'), WP_Hook->do_action, WP_Hook->apply_filters, api_produtos_tray_settings_page, get_product_visits
[30-Aug-2023 23:48:00 UTC] WordPress database error Table 'u955030981_testetray.wp_product_visits' doesn't exist for query SELECT visits FROM wp_product_visits WHERE product_id = 30 made by do_action('toplevel_page_api_produtos_tray'), WP_Hook->do_action, WP_Hook->apply_filters, api_produtos_tray_settings_page, get_product_visits
[30-Aug-2023 23:48:00 UTC] WordPress database error Table 'u955030981_testetray.wp_product_visits' doesn't exist for query SELECT visits FROM wp_product_visits WHERE product_id = 31 made by do_action('toplevel_page_api_produtos_tray'), WP_Hook->do_action, WP_Hook->apply_filters, api_produtos_tray_settings_page, get_product_visits
[30-Aug-2023 23:48:00 UTC] WordPress database error Table 'u955030981_testetray.wp_product_visits' doesn't exist for query SELECT visits FROM wp_product_visits WHERE product_id = 32 made by do_action('toplevel_page_api_produtos_tray'), WP_Hook->do_action, WP_Hook->apply_filters, api_produtos_tray_settings_page, get_product_visits
[30-Aug-2023 23:48:00 UTC] WordPress database error Table 'u955030981_testetray.wp_product_visits' doesn't exist for query SELECT visits FROM wp_product_visits WHERE product_id = 33 made by do_action('toplevel_page_api_produtos_tray'), WP_Hook->do_action, WP_Hook->apply_filters, api_produtos_tray_settings_page, get_product_visits
[30-Aug-2023 23:48:00 UTC] WordPress database error Table 'u955030981_testetray.wp_product_visits' doesn't exist for query SELECT visits FROM wp_product_visits WHERE product_id = 34 made by do_action('toplevel_page_api_produtos_tray'), WP_Hook->do_action, WP_Hook->apply_filters, api_produtos_tray_settings_page, get_product_visits
[30-Aug-2023 23:48:00 UTC] WordPress database error Table 'u955030981_testetray.wp_product_visits' doesn't exist for query SELECT visits FROM wp_product_visits WHERE product_id = 35 made by do_action('toplevel_page_api_produtos_tray'), WP_Hook->do_action, WP_Hook->apply_filters, api_produtos_tray_settings_page, get_product_visits
[30-Aug-2023 23:48:00 UTC] WordPress database error Table 'u955030981_testetray.wp_product_visits' doesn't exist for query SELECT visits FROM wp_product_visits WHERE product_id = 36 made by do_action('toplevel_page_api_produtos_tray'), WP_Hook->do_action, WP_Hook->apply_filters, api_produtos_tray_settings_page, get_product_visits
[30-Aug-2023 23:48:20 UTC] PHP Warning:  Undefined variable $result in /home/u955030981/domains/douglasaoliveira.com.br/public_html/tray/wp-content/plugins/api-produtos-tray/includes/functions.php on line 47
[30-Aug-2023 23:48:20 UTC] PHP Warning:  Undefined variable $result in /home/u955030981/domains/douglasaoliveira.com.br/public_html/tray/wp-content/plugins/api-produtos-tray/includes/functions.php on line 50
[30-Aug-2023 23:48:20 UTC] Atualizado com sucesso. Linhas afetadas: 
[30-Aug-2023 23:51:55 UTC] Atualizado com sucesso. Linhas afetadas: 0
[30-Aug-2023 23:53:29 UTC] Atualizado com sucesso. Linhas afetadas: 1
[30-Aug-2023 23:53:38 UTC] Atualizado com sucesso. Linhas afetadas: 1
[30-Aug-2023 23:53:47 UTC] Atualizado com sucesso. Linhas afetadas: 1
[30-Aug-2023 23:53:48 UTC] Atualizado com sucesso. Linhas afetadas: 1
[30-Aug-2023 23:53:48 UTC] Atualizado com sucesso. Linhas afetadas: 1
[30-Aug-2023 23:53:48 UTC] Atualizado com sucesso. Linhas afetadas: 1
[30-Aug-2023 23:53:48 UTC] Atualizado com sucesso. Linhas afetadas: 1
[30-Aug-2023 23:53:48 UTC] Atualizado com sucesso. Linhas afetadas: 1
[30-Aug-2023 23:53:48 UTC] Atualizado com sucesso. Linhas afetadas: 1
[30-Aug-2023 23:53:49 UTC] Atualizado com sucesso. Linhas afetadas: 1
[30-Aug-2023 23:53:49 UTC] Atualizado com sucesso. Linhas afetadas: 1
[30-Aug-2023 23:53:49 UTC] Atualizado com sucesso. Linhas afetadas: 1
[30-Aug-2023 23:53:49 UTC] Atualizado com sucesso. Linhas afetadas: 1
[30-Aug-2023 23:53:50 UTC] Atualizado com sucesso. Linhas afetadas: 1
[30-Aug-2023 23:53:50 UTC] Atualizado com sucesso. Linhas afetadas: 1
[30-Aug-2023 23:53:50 UTC] Atualizado com sucesso. Linhas afetadas: 1
[30-Aug-2023 23:53:51 UTC] Atualizado com sucesso. Linhas afetadas: 1
[30-Aug-2023 23:53:51 UTC] Atualizado com sucesso. Linhas afetadas: 1
[30-Aug-2023 23:53:51 UTC] Atualizado com sucesso. Linhas afetadas: 1
[30-Aug-2023 23:53:52 UTC] Atualizado com sucesso. Linhas afetadas: 1
[30-Aug-2023 23:53:52 UTC] Atualizado com sucesso. Linhas afetadas: 1
[30-Aug-2023 23:53:53 UTC] Atualizado com sucesso. Linhas afetadas: 1
[30-Aug-2023 23:53:53 UTC] Atualizado com sucesso. Linhas afetadas: 1
[30-Aug-2023 23:53:54 UTC] Atualizado com sucesso. Linhas afetadas: 1
[30-Aug-2023 23:53:54 UTC] Atualizado com sucesso. Linhas afetadas: 1
[30-Aug-2023 23:53:55 UTC] Atualizado com sucesso. Linhas afetadas: 1
[30-Aug-2023 23:53:55 UTC] Atualizado com sucesso. Linhas afetadas: 1
[30-Aug-2023 23:53:55 UTC] Atualizado com sucesso. Linhas afetadas: 1
[30-Aug-2023 23:53:55 UTC] Atualizado com sucesso. Linhas afetadas: 1
[30-Aug-2023 23:53:56 UTC] Atualizado com sucesso. Linhas afetadas: 1
[30-Aug-2023 23:53:56 UTC] Atualizado com sucesso. Linhas afetadas: 1
[30-Aug-2023 23:53:56 UTC] Atualizado com sucesso. Linhas afetadas: 1
[31-Aug-2023 01:06:05 UTC] PHP Deprecated:  preg_replace(): Passing null to parameter #3 ($subject) of type array|string is deprecated in /home/u955030981/domains/douglasaoliveira.com.br/public_html/tray/wp-includes/kses.php on line 1735
[31-Aug-2023 01:06:18 UTC] PHP Deprecated:  preg_replace(): Passing null to parameter #3 ($subject) of type array|string is deprecated in /home/u955030981/domains/douglasaoliveira.com.br/public_html/tray/wp-includes/kses.php on line 1735
[31-Aug-2023 01:24:58 UTC] PHP Deprecated:  preg_replace(): Passing null to parameter #3 ($subject) of type array|string is deprecated in /home/u955030981/domains/douglasaoliveira.com.br/public_html/tray/wp-includes/kses.php on line 1735
[31-Aug-2023 01:35:13 UTC] PHP Deprecated:  preg_replace(): Passing null to parameter #3 ($subject) of type array|string is deprecated in /home/u955030981/domains/douglasaoliveira.com.br/public_html/tray/wp-includes/kses.php on line 1735
[31-Aug-2023 01:35:13 UTC] PHP Deprecated:  preg_replace(): Passing null to parameter #3 ($subject) of type array|string is deprecated in /home/u955030981/domains/douglasaoliveira.com.br/public_html/tray/wp-includes/kses.php on line 1735
[31-Aug-2023 01:35:19 UTC] PHP Deprecated:  preg_replace(): Passing null to parameter #3 ($subject) of type array|string is deprecated in /home/u955030981/domains/douglasaoliveira.com.br/public_html/tray/wp-includes/kses.php on line 1735
[31-Aug-2023 01:47:57 UTC] PHP Deprecated:  preg_replace(): Passing null to parameter #3 ($subject) of type array|string is deprecated in /home/u955030981/domains/douglasaoliveira.com.br/public_html/tray/wp-includes/kses.php on line 1735
[31-Aug-2023 01:48:06 UTC] PHP Deprecated:  preg_replace(): Passing null to parameter #3 ($subject) of type array|string is deprecated in /home/u955030981/domains/douglasaoliveira.com.br/public_html/tray/wp-includes/kses.php on line 1735
[31-Aug-2023 01:48:16 UTC] PHP Deprecated:  preg_replace(): Passing null to parameter #3 ($subject) of type array|string is deprecated in /home/u955030981/domains/douglasaoliveira.com.br/public_html/tray/wp-includes/kses.php on line 1735
[31-Aug-2023 01:48:30 UTC] PHP Deprecated:  preg_replace(): Passing null to parameter #3 ($subject) of type array|string is deprecated in /home/u955030981/domains/douglasaoliveira.com.br/public_html/tray/wp-includes/kses.php on line 1735
[31-Aug-2023 01:48:34 UTC] PHP Deprecated:  preg_replace(): Passing null to parameter #3 ($subject) of type array|string is deprecated in /home/u955030981/domains/douglasaoliveira.com.br/public_html/tray/wp-includes/kses.php on line 1735
[31-Aug-2023 02:12:11 UTC] PHP Deprecated:  preg_replace(): Passing null to parameter #3 ($subject) of type array|string is deprecated in /home/u955030981/domains/douglasaoliveira.com.br/public_html/tray/wp-includes/kses.php on line 1735
[31-Aug-2023 02:12:15 UTC] PHP Deprecated:  preg_replace(): Passing null to parameter #3 ($subject) of type array|string is deprecated in /home/u955030981/domains/douglasaoliveira.com.br/public_html/tray/wp-includes/kses.php on line 1735
[31-Aug-2023 02:12:45 UTC] PHP Deprecated:  preg_replace(): Passing null to parameter #3 ($subject) of type array|string is deprecated in /home/u955030981/domains/douglasaoliveira.com.br/public_html/tray/wp-includes/kses.php on line 1735
[31-Aug-2023 02:12:48 UTC] PHP Deprecated:  preg_replace(): Passing null to parameter #3 ($subject) of type array|string is deprecated in /home/u955030981/domains/douglasaoliveira.com.br/public_html/tray/wp-includes/kses.php on line 1735
[31-Aug-2023 02:14:12 UTC] PHP Deprecated:  preg_replace(): Passing null to parameter #3 ($subject) of type array|string is deprecated in /home/u955030981/domains/douglasaoliveira.com.br/public_html/tray/wp-includes/kses.php on line 1735
[31-Aug-2023 02:15:54 UTC] PHP Deprecated:  preg_replace(): Passing null to parameter #3 ($subject) of type array|string is deprecated in /home/u955030981/domains/douglasaoliveira.com.br/public_html/tray/wp-includes/kses.php on line 1735
[31-Aug-2023 02:16:28 UTC] PHP Deprecated:  preg_replace(): Passing null to parameter #3 ($subject) of type array|string is deprecated in /home/u955030981/domains/douglasaoliveira.com.br/public_html/tray/wp-includes/kses.php on line 1735
[31-Aug-2023 02:44:01 UTC] PHP Deprecated:  preg_replace(): Passing null to parameter #3 ($subject) of type array|string is deprecated in /home/u955030981/domains/douglasaoliveira.com.br/public_html/tray/wp-includes/kses.php on line 1735
[31-Aug-2023 02:44:02 UTC] PHP Deprecated:  preg_replace(): Passing null to parameter #3 ($subject) of type array|string is deprecated in /home/u955030981/domains/douglasaoliveira.com.br/public_html/tray/wp-includes/kses.php on line 1735
[31-Aug-2023 02:44:07 UTC] PHP Deprecated:  preg_replace(): Passing null to parameter #3 ($subject) of type array|string is deprecated in /home/u955030981/domains/douglasaoliveira.com.br/public_html/tray/wp-includes/kses.php on line 1735
[31-Aug-2023 02:44:12 UTC] PHP Deprecated:  preg_replace(): Passing null to parameter #3 ($subject) of type array|string is deprecated in /home/u955030981/domains/douglasaoliveira.com.br/public_html/tray/wp-includes/kses.php on line 1735
[31-Aug-2023 02:44:18 UTC] PHP Deprecated:  preg_replace(): Passing null to parameter #3 ($subject) of type array|string is deprecated in /home/u955030981/domains/douglasaoliveira.com.br/public_html/tray/wp-includes/kses.php on line 1735
[31-Aug-2023 02:44:22 UTC] PHP Deprecated:  preg_replace(): Passing null to parameter #3 ($subject) of type array|string is deprecated in /home/u955030981/domains/douglasaoliveira.com.br/public_html/tray/wp-includes/kses.php on line 1735
[31-Aug-2023 02:44:26 UTC] PHP Deprecated:  preg_replace(): Passing null to parameter #3 ($subject) of type array|string is deprecated in /home/u955030981/domains/douglasaoliveira.com.br/public_html/tray/wp-includes/kses.php on line 1735
[31-Aug-2023 02:45:15 UTC] PHP Deprecated:  preg_replace(): Passing null to parameter #3 ($subject) of type array|string is deprecated in /home/u955030981/domains/douglasaoliveira.com.br/public_html/tray/wp-includes/kses.php on line 1735
[31-Aug-2023 03:12:42 UTC] PHP Deprecated:  preg_replace(): Passing null to parameter #3 ($subject) of type array|string is deprecated in /home/u955030981/domains/douglasaoliveira.com.br/public_html/tray/wp-includes/kses.php on line 1735
[31-Aug-2023 03:19:18 UTC] Atualizado com sucesso. Linhas afetadas: 1
[31-Aug-2023 03:19:19 UTC] Atualizado com sucesso. Linhas afetadas: 1
[31-Aug-2023 03:19:19 UTC] Atualizado com sucesso. Linhas afetadas: 1
[31-Aug-2023 03:19:19 UTC] Atualizado com sucesso. Linhas afetadas: 1
[31-Aug-2023 03:19:19 UTC] Atualizado com sucesso. Linhas afetadas: 1
[31-Aug-2023 03:19:19 UTC] Atualizado com sucesso. Linhas afetadas: 1
[31-Aug-2023 03:19:20 UTC] Atualizado com sucesso. Linhas afetadas: 1
[31-Aug-2023 03:19:20 UTC] Atualizado com sucesso. Linhas afetadas: 1
[31-Aug-2023 03:19:20 UTC] Atualizado com sucesso. Linhas afetadas: 1
[31-Aug-2023 03:19:20 UTC] Atualizado com sucesso. Linhas afetadas: 1
[31-Aug-2023 03:19:20 UTC] Atualizado com sucesso. Linhas afetadas: 1
[31-Aug-2023 03:19:21 UTC] Atualizado com sucesso. Linhas afetadas: 1
[31-Aug-2023 03:19:21 UTC] Atualizado com sucesso. Linhas afetadas: 1
[31-Aug-2023 03:19:21 UTC] Atualizado com sucesso. Linhas afetadas: 1
[31-Aug-2023 03:19:28 UTC] Atualizado com sucesso. Linhas afetadas: 1
[31-Aug-2023 03:19:29 UTC] Atualizado com sucesso. Linhas afetadas: 1
[31-Aug-2023 03:19:29 UTC] Atualizado com sucesso. Linhas afetadas: 1
[31-Aug-2023 03:19:29 UTC] Atualizado com sucesso. Linhas afetadas: 1
[31-Aug-2023 03:19:29 UTC] Atualizado com sucesso. Linhas afetadas: 1
[31-Aug-2023 03:19:29 UTC] Atualizado com sucesso. Linhas afetadas: 1
[31-Aug-2023 03:19:30 UTC] Atualizado com sucesso. Linhas afetadas: 1
[31-Aug-2023 03:19:30 UTC] Atualizado com sucesso. Linhas afetadas: 1
[31-Aug-2023 03:19:30 UTC] Atualizado com sucesso. Linhas afetadas: 1
[31-Aug-2023 03:19:30 UTC] Atualizado com sucesso. Linhas afetadas: 1
[31-Aug-2023 03:19:30 UTC] Atualizado com sucesso. Linhas afetadas: 1
[31-Aug-2023 03:19:33 UTC] Atualizado com sucesso. Linhas afetadas: 1
[31-Aug-2023 03:19:33 UTC] Atualizado com sucesso. Linhas afetadas: 1
[31-Aug-2023 03:19:33 UTC] Atualizado com sucesso. Linhas afetadas: 1
[31-Aug-2023 03:19:33 UTC] Atualizado com sucesso. Linhas afetadas: 1
[31-Aug-2023 03:19:33 UTC] Atualizado com sucesso. Linhas afetadas: 1
[31-Aug-2023 03:19:34 UTC] Atualizado com sucesso. Linhas afetadas: 1
[31-Aug-2023 03:19:34 UTC] Atualizado com sucesso. Linhas afetadas: 1
[31-Aug-2023 03:19:34 UTC] Atualizado com sucesso. Linhas afetadas: 1
[31-Aug-2023 03:19:34 UTC] Atualizado com sucesso. Linhas afetadas: 1
[31-Aug-2023 03:19:34 UTC] Atualizado com sucesso. Linhas afetadas: 1
[31-Aug-2023 03:19:35 UTC] Atualizado com sucesso. Linhas afetadas: 1
[31-Aug-2023 03:19:35 UTC] Atualizado com sucesso. Linhas afetadas: 1
[31-Aug-2023 03:19:35 UTC] Atualizado com sucesso. Linhas afetadas: 1
[31-Aug-2023 03:19:35 UTC] Atualizado com sucesso. Linhas afetadas: 1
[31-Aug-2023 03:19:35 UTC] Atualizado com sucesso. Linhas afetadas: 1
[31-Aug-2023 03:19:36 UTC] Atualizado com sucesso. Linhas afetadas: 1
[31-Aug-2023 03:19:36 UTC] Atualizado com sucesso. Linhas afetadas: 1
[31-Aug-2023 03:19:36 UTC] Atualizado com sucesso. Linhas afetadas: 1
[31-Aug-2023 03:19:36 UTC] Atualizado com sucesso. Linhas afetadas: 1
[31-Aug-2023 03:19:36 UTC] Atualizado com sucesso. Linhas afetadas: 1
[31-Aug-2023 03:19:37 UTC] Atualizado com sucesso. Linhas afetadas: 1
[31-Aug-2023 03:19:37 UTC] Atualizado com sucesso. Linhas afetadas: 1
[31-Aug-2023 03:19:37 UTC] Atualizado com sucesso. Linhas afetadas: 1
[31-Aug-2023 03:19:37 UTC] Atualizado com sucesso. Linhas afetadas: 1
[31-Aug-2023 03:19:37 UTC] Atualizado com sucesso. Linhas afetadas: 1
[31-Aug-2023 03:19:38 UTC] Atualizado com sucesso. Linhas afetadas: 1
[31-Aug-2023 03:19:38 UTC] Atualizado com sucesso. Linhas afetadas: 1
[31-Aug-2023 03:19:38 UTC] Atualizado com sucesso. Linhas afetadas: 1
[31-Aug-2023 03:19:38 UTC] Atualizado com sucesso. Linhas afetadas: 1
[31-Aug-2023 03:19:38 UTC] Atualizado com sucesso. Linhas afetadas: 1
[31-Aug-2023 03:19:38 UTC] Atualizado com sucesso. Linhas afetadas: 1
[31-Aug-2023 03:19:39 UTC] Atualizado com sucesso. Linhas afetadas: 1
[31-Aug-2023 03:19:39 UTC] Atualizado com sucesso. Linhas afetadas: 1
[31-Aug-2023 03:19:39 UTC] Atualizado com sucesso. Linhas afetadas: 1
[31-Aug-2023 03:19:39 UTC] Atualizado com sucesso. Linhas afetadas: 1
[31-Aug-2023 03:19:40 UTC] Atualizado com sucesso. Linhas afetadas: 1
[31-Aug-2023 03:19:40 UTC] Atualizado com sucesso. Linhas afetadas: 1
[31-Aug-2023 03:19:40 UTC] Atualizado com sucesso. Linhas afetadas: 1
[31-Aug-2023 03:19:40 UTC] Atualizado com sucesso. Linhas afetadas: 1
[31-Aug-2023 03:19:40 UTC] Atualizado com sucesso. Linhas afetadas: 1
[31-Aug-2023 03:19:41 UTC] Atualizado com sucesso. Linhas afetadas: 1
[31-Aug-2023 03:19:41 UTC] Atualizado com sucesso. Linhas afetadas: 1
[31-Aug-2023 03:19:41 UTC] Atualizado com sucesso. Linhas afetadas: 1
[31-Aug-2023 03:19:41 UTC] Atualizado com sucesso. Linhas afetadas: 1
[31-Aug-2023 03:33:29 UTC] PHP Fatal error:  Uncaught Error: Cannot use object of type stdClass as array in /home/u955030981/domains/douglasaoliveira.com.br/public_html/tray/wp-content/plugins/api-produtos-tray/includes/functions.php:115
Stack trace:
#0 /home/u955030981/domains/douglasaoliveira.com.br/public_html/tray/wp-includes/shortcodes.php(395): display_products_on_home()
#1 [internal function]: do_shortcode_tag()
#2 /home/u955030981/domains/douglasaoliveira.com.br/public_html/tray/wp-includes/shortcodes.php(235): preg_replace_callback()
#3 /home/u955030981/domains/douglasaoliveira.com.br/public_html/tray/wp-includes/class-wp-hook.php(310): do_shortcode()
#4 /home/u955030981/domains/douglasaoliveira.com.br/public_html/tray/wp-includes/plugin.php(205): WP_Hook->apply_filters()
#5 /home/u955030981/domains/douglasaoliveira.com.br/public_html/tray/wp-includes/post-template.php(256): apply_filters()
#6 /home/u955030981/domains/douglasaoliveira.com.br/public_html/tray/wp-content/themes/astra/template-parts/single/content-header.php(33): the_content()
#7 /home/u955030981/domains/douglasaoliveira.com.br/public_html/tray/wp-includes/template.php(787): require('/home/u95503098...')
#8 /home/u955030981/domains/douglasaoliveira.com.br/public_html/tray/wp-includes/template.php(720): load_template()
#9 /home/u955030981/domains/douglasaoliveira.com.br/public_html/tray/wp-includes/general-template.php(206): locate_template()
#10 /home/u955030981/domains/douglasaoliveira.com.br/public_html/tray/wp-content/themes/astra/inc/template-parts.php(376): get_template_part()
#11 /home/u955030981/domains/douglasaoliveira.com.br/public_html/tray/wp-includes/class-wp-hook.php(310): astra_entry_content_single_page_template()
#12 /home/u955030981/domains/douglasaoliveira.com.br/public_html/tray/wp-includes/class-wp-hook.php(334): WP_Hook->apply_filters()
#13 /home/u955030981/domains/douglasaoliveira.com.br/public_html/tray/wp-includes/plugin.php(517): WP_Hook->do_action()
#14 /home/u955030981/domains/douglasaoliveira.com.br/public_html/tray/wp-content/themes/astra/inc/core/theme-hooks.php(452): do_action()
#15 /home/u955030981/domains/douglasaoliveira.com.br/public_html/tray/wp-content/themes/astra/template-parts/content-page.php(26): astra_entry_content_single_page()
#16 /home/u955030981/domains/douglasaoliveira.com.br/public_html/tray/wp-includes/template.php(787): require('/home/u95503098...')
#17 /home/u955030981/domains/douglasaoliveira.com.br/public_html/tray/wp-includes/template.php(720): load_template()
#18 /home/u955030981/domains/douglasaoliveira.com.br/public_html/tray/wp-includes/general-template.php(206): locate_template()
#19 /home/u955030981/domains/douglasaoliveira.com.br/public_html/tray/wp-content/themes/astra/inc/class-astra-loop.php(109): get_template_part()
#20 /home/u955030981/domains/douglasaoliveira.com.br/public_html/tray/wp-includes/class-wp-hook.php(310): Astra_Loop->template_parts_page()
#21 /home/u955030981/domains/douglasaoliveira.com.br/public_html/tray/wp-includes/class-wp-hook.php(334): WP_Hook->apply_filters()
#22 /home/u955030981/domains/douglasaoliveira.com.br/public_html/tray/wp-includes/plugin.php(517): WP_Hook->do_action()
#23 /home/u955030981/domains/douglasaoliveira.com.br/public_html/tray/wp-content/themes/astra/inc/class-astra-loop.php(197): do_action()
#24 /home/u955030981/domains/douglasaoliveira.com.br/public_html/tray/wp-content/themes/astra/inc/class-astra-loop.php(174): Astra_Loop->loop_markup()
#25 /home/u955030981/domains/douglasaoliveira.com.br/public_html/tray/wp-includes/class-wp-hook.php(310): Astra_Loop->loop_markup_page()
#26 /home/u955030981/domains/douglasaoliveira.com.br/public_html/tray/wp-includes/class-wp-hook.php(334): WP_Hook->apply_filters()
#27 /home/u955030981/domains/douglasaoliveira.com.br/public_html/tray/wp-includes/plugin.php(517): WP_Hook->do_action()
#28 /home/u955030981/domains/douglasaoliveira.com.br/public_html/tray/wp-content/themes/astra/inc/core/theme-hooks.php(267): do_action()
#29 /home/u955030981/domains/douglasaoliveira.com.br/public_html/tray/wp-content/themes/astra/page.php(32): astra_content_page_loop()
#30 /home/u955030981/domains/douglasaoliveira.com.br/public_html/tray/wp-includes/template-loader.php(106): include('/home/u95503098...')
#31 /home/u955030981/domains/douglasaoliveira.com.br/public_html/tray/wp-blog-header.php(19): require_once('/home/u95503098...')
#32 /home/u955030981/domains/douglasaoliveira.com.br/public_html/tray/index.php(17): require('/home/u95503098...')
#33 {main}
  thrown in /home/u955030981/domains/douglasaoliveira.com.br/public_html/tray/wp-content/plugins/api-produtos-tray/includes/functions.php on line 115
[31-Aug-2023 03:34:24 UTC] Atualizado com sucesso. Linhas afetadas: 1
[31-Aug-2023 03:38:39 UTC] Atualizado com sucesso. Linhas afetadas: 1
[31-Aug-2023 03:40:46 UTC] Atualizado com sucesso. Linhas afetadas: 1
[31-Aug-2023 03:40:52 UTC] Atualizado com sucesso. Linhas afetadas: 1
[31-Aug-2023 03:49:07 UTC] PHP Deprecated:  preg_replace(): Passing null to parameter #3 ($subject) of type array|string is deprecated in /home/u955030981/domains/douglasaoliveira.com.br/public_html/tray/wp-includes/kses.php on line 1735
[31-Aug-2023 03:49:11 UTC] PHP Deprecated:  preg_replace(): Passing null to parameter #3 ($subject) of type array|string is deprecated in /home/u955030981/domains/douglasaoliveira.com.br/public_html/tray/wp-includes/kses.php on line 1735
[31-Aug-2023 03:49:16 UTC] PHP Deprecated:  preg_replace(): Passing null to parameter #3 ($subject) of type array|string is deprecated in /home/u955030981/domains/douglasaoliveira.com.br/public_html/tray/wp-includes/kses.php on line 1735
[31-Aug-2023 03:50:39 UTC] PHP Deprecated:  preg_replace(): Passing null to parameter #3 ($subject) of type array|string is deprecated in /home/u955030981/domains/douglasaoliveira.com.br/public_html/tray/wp-includes/kses.php on line 1735
[31-Aug-2023 03:54:48 UTC] Atualizado com sucesso. Linhas afetadas: 1
[31-Aug-2023 03:55:06 UTC] PHP Deprecated:  preg_replace(): Passing null to parameter #3 ($subject) of type array|string is deprecated in /home/u955030981/domains/douglasaoliveira.com.br/public_html/tray/wp-includes/kses.php on line 1735
[31-Aug-2023 03:55:20 UTC] PHP Deprecated:  preg_replace(): Passing null to parameter #3 ($subject) of type array|string is deprecated in /home/u955030981/domains/douglasaoliveira.com.br/public_html/tray/wp-includes/kses.php on line 1735
[31-Aug-2023 03:55:39 UTC] PHP Deprecated:  preg_replace(): Passing null to parameter #3 ($subject) of type array|string is deprecated in /home/u955030981/domains/douglasaoliveira.com.br/public_html/tray/wp-includes/kses.php on line 1735
[31-Aug-2023 03:55:44 UTC] PHP Deprecated:  preg_replace(): Passing null to parameter #3 ($subject) of type array|string is deprecated in /home/u955030981/domains/douglasaoliveira.com.br/public_html/tray/wp-includes/kses.php on line 1735
[31-Aug-2023 04:00:29 UTC] Atualizado com sucesso. Linhas afetadas: 1
[31-Aug-2023 04:00:35 UTC] Atualizado com sucesso. Linhas afetadas: 1
[31-Aug-2023 04:07:19 UTC] Atualizado com sucesso. Linhas afetadas: 1
[31-Aug-2023 04:08:02 UTC] PHP Warning:  Undefined array key 0 in /home/u955030981/domains/douglasaoliveira.com.br/public_html/tray/wp-content/plugins/api-produtos-tray/includes/functions.php on line 116
[31-Aug-2023 04:08:02 UTC] PHP Warning:  Attempt to read property "https" on null in /home/u955030981/domains/douglasaoliveira.com.br/public_html/tray/wp-content/plugins/api-produtos-tray/includes/functions.php on line 116
[31-Aug-2023 04:08:02 UTC] PHP Deprecated:  ltrim(): Passing null to parameter #1 ($string) of type string is deprecated in /home/u955030981/domains/douglasaoliveira.com.br/public_html/tray/wp-includes/formatting.php on line 4477
[31-Aug-2023 04:08:28 UTC] PHP Warning:  Undefined array key 0 in /home/u955030981/domains/douglasaoliveira.com.br/public_html/tray/wp-content/plugins/api-produtos-tray/includes/functions.php on line 116
[31-Aug-2023 04:08:28 UTC] PHP Warning:  Attempt to read property "https" on null in /home/u955030981/domains/douglasaoliveira.com.br/public_html/tray/wp-content/plugins/api-produtos-tray/includes/functions.php on line 116
[31-Aug-2023 04:08:28 UTC] PHP Deprecated:  ltrim(): Passing null to parameter #1 ($string) of type string is deprecated in /home/u955030981/domains/douglasaoliveira.com.br/public_html/tray/wp-includes/formatting.php on line 4477
[31-Aug-2023 04:18:47 UTC] PHP Warning:  Undefined array key 0 in /home/u955030981/domains/douglasaoliveira.com.br/public_html/tray/wp-content/plugins/api-produtos-tray/includes/functions.php on line 116
[31-Aug-2023 04:18:47 UTC] PHP Warning:  Attempt to read property "https" on null in /home/u955030981/domains/douglasaoliveira.com.br/public_html/tray/wp-content/plugins/api-produtos-tray/includes/functions.php on line 116
[31-Aug-2023 04:18:47 UTC] PHP Deprecated:  ltrim(): Passing null to parameter #1 ($string) of type string is deprecated in /home/u955030981/domains/douglasaoliveira.com.br/public_html/tray/wp-includes/formatting.php on line 4477
[31-Aug-2023 04:31:26 UTC] PHP Warning:  Undefined array key 0 in /home/u955030981/domains/douglasaoliveira.com.br/public_html/tray/wp-content/plugins/api-produtos-tray/includes/functions.php on line 116
[31-Aug-2023 04:31:26 UTC] PHP Warning:  Attempt to read property "https" on null in /home/u955030981/domains/douglasaoliveira.com.br/public_html/tray/wp-content/plugins/api-produtos-tray/includes/functions.php on line 116
[31-Aug-2023 04:31:26 UTC] PHP Deprecated:  ltrim(): Passing null to parameter #1 ($string) of type string is deprecated in /home/u955030981/domains/douglasaoliveira.com.br/public_html/tray/wp-includes/formatting.php on line 4477
[31-Aug-2023 06:33:52 UTC] PHP Warning:  Undefined array key 0 in /home/u955030981/domains/douglasaoliveira.com.br/public_html/tray/wp-content/plugins/api-produtos-tray/includes/functions.php on line 116
[31-Aug-2023 06:33:52 UTC] PHP Warning:  Attempt to read property "https" on null in /home/u955030981/domains/douglasaoliveira.com.br/public_html/tray/wp-content/plugins/api-produtos-tray/includes/functions.php on line 116
[31-Aug-2023 06:33:52 UTC] PHP Deprecated:  ltrim(): Passing null to parameter #1 ($string) of type string is deprecated in /home/u955030981/domains/douglasaoliveira.com.br/public_html/tray/wp-includes/formatting.php on line 4477
[31-Aug-2023 06:36:35 UTC] PHP Warning:  Undefined array key 0 in /home/u955030981/domains/douglasaoliveira.com.br/public_html/tray/wp-content/plugins/api-produtos-tray/includes/functions.php on line 123
[31-Aug-2023 06:36:35 UTC] PHP Warning:  Attempt to read property "https" on null in /home/u955030981/domains/douglasaoliveira.com.br/public_html/tray/wp-content/plugins/api-produtos-tray/includes/functions.php on line 123
[31-Aug-2023 06:36:35 UTC] PHP Deprecated:  ltrim(): Passing null to parameter #1 ($string) of type string is deprecated in /home/u955030981/domains/douglasaoliveira.com.br/public_html/tray/wp-includes/formatting.php on line 4477
[31-Aug-2023 06:36:37 UTC] PHP Warning:  Undefined array key 0 in /home/u955030981/domains/douglasaoliveira.com.br/public_html/tray/wp-content/plugins/api-produtos-tray/includes/functions.php on line 123
[31-Aug-2023 06:36:37 UTC] PHP Warning:  Attempt to read property "https" on null in /home/u955030981/domains/douglasaoliveira.com.br/public_html/tray/wp-content/plugins/api-produtos-tray/includes/functions.php on line 123
[31-Aug-2023 06:36:37 UTC] PHP Deprecated:  ltrim(): Passing null to parameter #1 ($string) of type string is deprecated in /home/u955030981/domains/douglasaoliveira.com.br/public_html/tray/wp-includes/formatting.php on line 4477
